Build started 4/28/2014 2:31:28 PM.
     1>Project "C:\Users\Michelle\Source\Repos\calculator\Calculator\Calculator\Calculator.vcxproj" on node 2 (Build target(s)).
     1>ClCompile:
         C:\Program Files (x86)\Microsoft Visual Studio 12.0\VC\bin\CL.exe /c /ZI /nologo /W3 /WX- /sdl /Od /Oy- /D _MBCS /Gm /EHsc /RTC1 /MDd /GS /fp:precise /Zc:wchar_t /Zc:forScope /Fo"Debug\\" /Fd"Debug\vc120.pdb" /Gd /TP /analyze- /errorReport:prompt ..\..\Driver.cpp ..\..\Expression.cpp
         Expression.cpp
     1>c:\users\michelle\source\repos\calculator\expression.cpp(60): warning C4018: '<' : signed/unsigned mismatch
     1>c:\users\michelle\source\repos\calculator\expression.cpp(84): warning C4018: '<' : signed/unsigned mismatch
     1>c:\users\michelle\source\repos\calculator\expression.cpp(94): warning C4018: '<' : signed/unsigned mismatch
     1>c:\users\michelle\source\repos\calculator\expression.cpp(105): warning C4018: '<' : signed/unsigned mismatch
     1>c:\users\michelle\source\repos\calculator\expression.cpp(117): warning C4018: '<' : signed/unsigned mismatch
     1>c:\users\michelle\source\repos\calculator\expression.cpp(159): warning C4018: '<' : signed/unsigned mismatch
     1>c:\users\michelle\source\repos\calculator\expression.cpp(203): warning C4018: '<' : signed/unsigned mismatch
     1>c:\users\michelle\source\repos\calculator\expression.cpp(209): warning C4018: '<' : signed/unsigned mismatch
     1>c:\users\michelle\source\repos\calculator\expression.cpp(232): warning C4018: '<=' : signed/unsigned mismatch
     1>c:\users\michelle\source\repos\calculator\expression.cpp(243): warning C4018: '<=' : signed/unsigned mismatch
     1>c:\users\michelle\source\repos\calculator\expression.cpp(269): warning C4018: '<' : signed/unsigned mismatch
     1>c:\users\michelle\source\repos\calculator\expression.cpp(292): warning C4018: '<' : signed/unsigned mismatch
     1>c:\users\michelle\source\repos\calculator\expression.cpp(370): warning C4018: '<' : signed/unsigned mismatch
     1>c:\users\michelle\source\repos\calculator\expression.cpp(373): warning C4018: '<' : signed/unsigned mismatch
     1>c:\users\michelle\source\repos\calculator\expression.cpp(377): warning C4018: '<' : signed/unsigned mismatch
     1>c:\users\michelle\source\repos\calculator\expression.cpp(383): warning C4018: '<' : signed/unsigned mismatch
         Driver.cpp
         Generating Code...
       Link:
         C:\Program Files (x86)\Microsoft Visual Studio 12.0\VC\bin\link.exe /ERRORREPORT:PROMPT /OUT:"C:\Users\Michelle\Source\Repos\calculator\Calculator\Debug\Calculator.exe" /INCREMENTAL /NOLOGO kernel32.lib user32.lib gdi32.lib winspool.lib comdlg32.lib advapi32.lib shell32.lib ole32.lib oleaut32.lib uuid.lib odbc32.lib odbccp32.lib /MANIFEST /MANIFESTUAC:"level='asInvoker' uiAccess='false'" /manifest:embed /DEBUG /PDB:"C:\Users\Michelle\Source\Repos\calculator\Calculator\Debug\Calculator.pdb" /TLBID:1 /DYNAMICBASE /NXCOMPAT /IMPLIB:"C:\Users\Michelle\Source\Repos\calculator\Calculator\Debug\Calculator.lib" /MACHINE:X86 Debug\Driver.obj
         Debug\Expression.obj
         Debug\Operations.obj
         Calculator.vcxproj -> C:\Users\Michelle\Source\Repos\calculator\Calculator\Debug\Calculator.exe
     1>Done Building Project "C:\Users\Michelle\Source\Repos\calculator\Calculator\Calculator\Calculator.vcxproj" (Build target(s)).

Build succeeded.

Time Elapsed 00:00:01.93
